[38;5;112m[Appium][0m You can provide the following URLs in your client code to connect to this server:
	http://127.0.0.1:4723/ (only accessible from the same host)
	http://10.151.133.234:4723/
[38;5;112m[Appium][0m Available drivers:
[38;5;112m[Appium][0m   - xcuitest@4.35.0 (automationName 'XCUITest')
[38;5;112m[Appium][0m   - uiautomator2@2.45.1 (automationName 'UiAutomator2')
[38;5;112m[Appium][0m Available plugins:
[38;5;112m[Appium][0m   - device-farm@10.2.0
[38;5;112m[Appium][0m No plugins activated. Use the --use-plugins flag with names of plugins to activate
[38;5;86m[HTTP][0m [37m-->[39m [37mPOST[39m [37m/session[39m [90m{"capabilities":{"alwaysMatch":{"platformName":"Android","appium:platformVersion":"15","appium:deviceName":"Scopex-Test","appium:automationName":"UIAutomator2","appium:udid":"emulator-5554","appium:appPackage":"com.scopex.scopexmobile","appium:appActivity":"com.scopex.scopexmobile.MainActivity","appium:noReset":true,"appium:fullReset":false,"appium:newCommandTimeout":300,"appium:autoGrantPermissions":true,"appium:uiautomator2ServerInstallTimeout":60000,"appium:adbExecTimeout":20000},"firstMatch":[{}]},"desiredCapabilities":{"platformName":"Android","appium:platformVersion":"15","appium:deviceName":"Scopex-Test","appium:automationName":"UIAutomator2","appium:udid":"emulator-5554","appium:appPackage":"com.scopex.scopexmobile","appium:appActivity":"com.scopex.scopexmobile.MainActivity","appium:noReset":true,"appium:fullReset":false,"appium:newCommandTimeout":300,"appium:autoGrantPermissions":true,"appium:uiautomator2ServerInstallTimeout":60000,"appium:adbExecTimeout":20000}}[39m
[38;5;101m[AppiumDriver@23e3][0m Calling AppiumDriver.createSession() with args: [{"platformName":"Android","appium:platformVersion":"15","appium:deviceName":"Scopex-Test","appium:automationName":"UIAutomator2","appium:udid":"emulator-5554","appium:appPackage":"com.scopex.scopexmobile","appium:appActivity":"com.scopex.scopexmobile.MainActivity","appium:noReset":true,"appium:fullReset":false,"appium:newCommandTimeout":300,"appium:autoGrantPermissions":true,"appium:uiautomator2ServerInstallTimeout":60000,"appium:adbExecTimeout":20000},null,{"alwaysMatch":{"platformName":"Android","appium:platformVersion":"15","appium:deviceName":"Scopex-Test","appium:automationName":"UIAutomator2","appium:udid":"emulator-5554","appium:appPackage":"com.scopex.scopexmobile","appium:appActivity":"com.scopex.scopexmobile.MainActivity","appium:noReset":true,"appium:fullReset":false,"appium:newCommandTimeout":300,"appium:autoGrantPermissions":true,"appium:uiautomator2ServerInstallTimeout":60000,"appium:adbExecTimeout":20000},"firstMatch":[{}]}]
[38;5;101m[AppiumDriver@23e3][0m Event 'newSessionRequested' logged at 1758907971035 (19:32:51 GMT+0200 (Central European Summer Time))
[38;5;112m[Appium][0m Attempting to find matching driver for automationName 'UIAutomator2' and platformName 'Android'
[38;5;112m[Appium][0m The 'uiautomator2' driver was installed and matched caps.
[38;5;112m[Appium][0m Will require it at /Users/saurabhperson/Desktop/corpatach/node_modules/appium-uiautomator2-driver
[38;5;112m[Appium][0m Requiring driver at /Users/saurabhperson/Desktop/corpatach/node_modules/appium-uiautomator2-driver/build/index.js
[38;5;101m[AppiumDriver@23e3][0m Appium v2.19.0 creating new AndroidUiautomator2Driver (v2.45.1) session
[38;5;101m[AppiumDriver@23e3][0m Checking BaseDriver versions for Appium and AndroidUiautomator2Driver
[38;5;101m[AppiumDriver@23e3][0m Appium's BaseDriver version is 9.18.0
[38;5;101m[AppiumDriver@23e3][0m AndroidUiautomator2Driver's BaseDriver version is 9.5.1
[38;5;-195m[AndroidUiautomator2Driver@5c86][0m Creating session with W3C capabilities: {
[38;5;-195m[AndroidUiautomator2Driver@5c86][0m   "alwaysMatch": {
[38;5;-195m[AndroidUiautomator2Driver@5c86][0m     "platformName": "Android",
[38;5;-195m[AndroidUiautomator2Driver@5c86][0m     "appium:platformVersion": "15",
[38;5;-195m[AndroidUiautomator2Driver@5c86][0m     "appium:deviceName": "Scopex-Test",
[38;5;-195m[AndroidUiautomator2Driver@5c86][0m     "appium:automationName": "UIAutomator2",
[38;5;-195m[AndroidUiautomator2Driver@5c86][0m     "appium:udid": "emulator-5554",
[38;5;-195m[AndroidUiautomator2Driver@5c86][0m     "appium:appPackage": "com.scopex.scopexmobile",
[38;5;-195m[AndroidUiautomator2Driver@5c86][0m     "appium:appActivity": "com.scopex.scopexmobile.MainActivity",
[38;5;-195m[AndroidUiautomator2Driver@5c86][0m     "appium:noReset": true,
[38;5;-195m[AndroidUiautomator2Driver@5c86][0m     "appium:fullReset": false,
[38;5;-195m[AndroidUiautomator2Driver@5c86][0m     "appium:newCommandTimeout": 300,
[38;5;-195m[AndroidUiautomator2Driver@5c86][0m     "appium:autoGrantPermissions": true,
[38;5;-195m[AndroidUiautomator2Driver@5c86][0m     "appium:uiautomator2ServerInstallTimeout": 60000,
[38;5;-195m[AndroidUiautomator2Driver@5c86][0m     "appium:adbExecTimeout": 20000
[38;5;-195m[AndroidUiautomator2Driver@5c86][0m   },
[38;5;-195m[AndroidUiautomator2Driver@5c86][0m   "firstMatch": [
[38;5;-195m[AndroidUiautomator2Driver@5c86][0m     {}
[38;5;-195m[AndroidUiautomator2Driver@5c86][0m   ]
[38;5;-195m[AndroidUiautomator2Driver@5c86][0m }
[38;5;227m[AndroidUiautomator2Driver@5c86 (c03fa099)][0m Session created with session id: c03fa099-40c3-4b16-9d5a-9266a5ee7b10
[38;5;229m[ADB][0m Found 6 'build-tools' folders under '/Users/saurabhperson/Library/Android/sdk' (newest first):
[38;5;229m[ADB][0m     /Users/saurabhperson/Library/Android/sdk/build-tools/36.0.0
[38;5;229m[ADB][0m     /Users/saurabhperson/Library/Android/sdk/build-tools/35.0.1
[38;5;229m[ADB][0m     /Users/saurabhperson/Library/Android/sdk/build-tools/35.0.0
[38;5;229m[ADB][0m     /Users/saurabhperson/Library/Android/sdk/build-tools/34.0.0
[38;5;229m[ADB][0m     /Users/saurabhperson/Library/Android/sdk/build-tools/33.0.2
[38;5;229m[ADB][0m     /Users/saurabhperson/Library/Android/sdk/build-tools/33.0.1
[38;5;229m[ADB][0m Using 'adb' from '/Users/saurabhperson/Library/Android/sdk/platform-tools/adb'
[38;5;229m[ADB][0m Running '/Users/saurabhperson/Library/Android/sdk/platform-tools/adb -P 5037 start-server'
[38;5;227m[AndroidUiautomator2Driver@5c86 (c03fa099)][0m Retrieving device list
[38;5;229m[ADB][0m Trying to find connected Android devices
[38;5;229m[ADB][0m Getting connected devices
[38;5;229m[ADB][0m Connected devices: [{"udid":"emulator-5554","state":"device"}]
[38;5;227m[AndroidUiautomator2Driver@5c86 (c03fa099)][0m Using device: emulator-5554
[38;5;229m[ADB][0m Using 'adb' from '/Users/saurabhperson/Library/Android/sdk/platform-tools/adb'
[38;5;229m[ADB][0m Running '/Users/saurabhperson/Library/Android/sdk/platform-tools/adb -P 5037 start-server'
[38;5;229m[ADB][0m Setting device id to emulator-5554
[38;5;227m[AndroidUiautomator2Driver@5c86 (c03fa099)][0m Starting 'com.scopex.scopexmobile' directly on the device
[38;5;229m[ADB][0m Running '/Users/saurabhperson/Library/Android/sdk/platform-tools/adb -P 5037 -s emulator-5554 shell getprop ro.build.version.sdk'
[38;5;229m[ADB][0m Current device property 'ro.build.version.sdk': 36
[38;5;229m[ADB][0m Getting device platform version
[38;5;229m[ADB][0m Running '/Users/saurabhperson/Library/Android/sdk/platform-tools/adb -P 5037 -s emulator-5554 shell getprop ro.build.version.release'
[38;5;229m[ADB][0m Current device property 'ro.build.version.release': 16
[38;5;229m[ADB][0m Device API level: 36
[38;5;227m[AndroidUiautomator2Driver@5c86 (c03fa099)][0m Relaxing hidden api policy
[38;5;229m[ADB][0m Running '/Users/saurabhperson/Library/Android/sdk/platform-tools/adb -P 5037 -s emulator-5554 shell 'settings put global hidden_api_policy_pre_p_apps 1;settings put global hidden_api_policy_p_apps 1;settings put global hidden_api_policy 1''
[38;5;227m[AndroidUiautomator2Driver@5c86 (c03fa099)][0m No app sent in, not parsing package/activity
[38;5;229m[ADB][0m Running '/Users/saurabhperson/Library/Android/sdk/platform-tools/adb -P 5037 -s emulator-5554 wait-for-device'
[38;5;229m[ADB][0m Running '/Users/saurabhperson/Library/Android/sdk/platform-tools/adb -P 5037 -s emulator-5554 shell echo ping'
[38;5;227m[AndroidUiautomator2Driver@5c86 (c03fa099)][0m Pushing settings apk to the device...
[38;5;229m[ADB][0m Getting package info for 'io.appium.settings'
[38;5;229m[ADB][0m Running '/Users/saurabhperson/Library/Android/sdk/platform-tools/adb -P 5037 -s emulator-5554 shell dumpsys package io.appium.settings'
[38;5;229m[ADB][0m The installed 'io.appium.settings' package is older than '/Users/saurabhperson/Desktop/corpatach/node_modules/appium-uiautomator2-driver/node_modules/io.appium.settings/apks/settings_apk-debug.apk' (62 < 75 or '5.2.0' < '5.7.5')'
[38;5;229m[ADB][0m Executing upgrade of '/Users/saurabhperson/Desktop/corpatach/node_modules/appium-uiautomator2-driver/node_modules/io.appium.settings/apks/settings_apk-debug.apk'
[38;5;229m[ADB][0m Running '/Users/saurabhperson/Library/Android/sdk/platform-tools/adb -P 5037 -s emulator-5554 help'
[38;5;229m[ADB][0m Running '/Users/saurabhperson/Library/Android/sdk/platform-tools/adb -P 5037 -s emulator-5554 features'
[38;5;229m[ADB][0m The application at '/Users/saurabhperson/Desktop/corpatach/node_modules/appium-uiautomator2-driver/node_modules/io.appium.settings/apks/settings_apk-debug.apk' will not be cached, because the device under test has confirmed the support of streamed installs
[38;5;229m[ADB][0m Running '/Users/saurabhperson/Library/Android/sdk/platform-tools/adb -P 5037 -s emulator-5554 install -r -g /Users/saurabhperson/Desktop/corpatach/node_modules/appium-uiautomator2-driver/node_modules/io.appium.settings/apks/settings_apk-debug.apk'
[38;5;229m[ADB][0m Cannot install/upgrade 'io.appium.settings' because of 'Error executing adbExec. Original error: 'Command '/Users/saurabhperson/Library/Android/sdk/platform-tools/adb -P 5037 -s emulator-5554 install -r -g /Users/saurabhperson/Desktop/corpatach/node_modules/appium-uiautomator2-driver/node_modules/io.appium.settings/apks/settings_apk-debug.apk' exited with code 1'; Command output: adb: failed to install /Users/saurabhperson/Desktop/corpatach/node_modules/appium-uiautomator2-driver/node_modules/io.appium.settings/apks/settings_apk-debug.apk: Failure [INSTALL_FAILED_UPDATE_INCOMPATIBLE: Existing package io.appium.settings signatures do not match newer version; ignoring!]
[38;5;229m[ADB][0m 
[38;5;229m[ADB][0m '. Trying full reinstall
[38;5;229m[ADB][0m Uninstalling io.appium.settings
[38;5;229m[ADB][0m Getting install status for io.appium.settings
[38;5;229m[ADB][0m Running '/Users/saurabhperson/Library/Android/sdk/platform-tools/adb -P 5037 -s emulator-5554 shell pm path io.appium.settings'
[38;5;229m[ADB][0m 'io.appium.settings' is installed
[38;5;229m[ADB][0m Running '/Users/saurabhperson/Library/Android/sdk/platform-tools/adb -P 5037 -s emulator-5554 shell am force-stop io.appium.settings'
[38;5;229m[ADB][0m Running '/Users/saurabhperson/Library/Android/sdk/platform-tools/adb -P 5037 -s emulator-5554 uninstall io.appium.settings'
[38;5;229m[ADB][0m 'adb uninstall io.appium.settings' command output: Success
[38;5;229m[ADB][0m io.appium.settings was successfully uninstalled
[38;5;229m[ADB][0m The application at '/Users/saurabhperson/Desktop/corpatach/node_modules/appium-uiautomator2-driver/node_modules/io.appium.settings/apks/settings_apk-debug.apk' will not be cached, because the device under test has confirmed the support of streamed installs
[38;5;229m[ADB][0m Running '/Users/saurabhperson/Library/Android/sdk/platform-tools/adb -P 5037 -s emulator-5554 install -g /Users/saurabhperson/Desktop/corpatach/node_modules/appium-uiautomator2-driver/node_modules/io.appium.settings/apks/settings_apk-debug.apk'
[38;5;229m[ADB][0m The installation of 'settings_apk-debug.apk' took 26308ms
[38;5;229m[ADB][0m Install command stdout: Performing Streamed Install
[38;5;229m[ADB][0m Success
[38;5;229m[ADB][0m Running '/Users/saurabhperson/Library/Android/sdk/platform-tools/adb -P 5037 -s emulator-5554 shell dumpsys activity services io.appium.settings'
[38;5;229m[ADB][0m Running '/Users/saurabhperson/Library/Android/sdk/platform-tools/adb -P 5037 -s emulator-5554 shell cmd notification allow_listener io.appium.settings/.NLService'
[38;5;229m[ADB][0m Running '/Users/saurabhperson/Library/Android/sdk/platform-tools/adb -P 5037 -s emulator-5554 shell appops set io.appium.settings PROJECT_MEDIA allow'
[38;5;229m[ADB][0m Running '/Users/saurabhperson/Library/Android/sdk/platform-tools/adb -P 5037 -s emulator-5554 shell dumpsys activity services io.appium.settings'
[38;5;78m[SettingsApp][0m Starting Appium Settings app
[38;5;229m[ADB][0m Running '/Users/saurabhperson/Library/Android/sdk/platform-tools/adb -P 5037 -s emulator-5554 shell am start -n io.appium.settings/.Settings -a android.intent.action.MAIN -c android.intent.category.LAUNCHER'
[38;5;229m[ADB][0m Running '/Users/saurabhperson/Library/Android/sdk/platform-tools/adb -P 5037 -s emulator-5554 shell dumpsys activity services io.appium.settings'
[38;5;229m[ADB][0m Running '/Users/saurabhperson/Library/Android/sdk/platform-tools/adb -P 5037 -s emulator-5554 shell dumpsys activity services io.appium.settings'
[38;5;229m[ADB][0m Running '/Users/saurabhperson/Library/Android/sdk/platform-tools/adb -P 5037 -s emulator-5554 shell dumpsys activity services io.appium.settings'
[38;5;160m[Logcat][0m Starting logs capture with command: /Users/saurabhperson/Library/Android/sdk/platform-tools/adb -P 5037 -s emulator-5554 logcat -v threadtime
[38;5;227m[AndroidUiautomator2Driver@5c86 (c03fa099)][0m Forwarding UiAutomator2 Server port 6790 to local port 8200
[38;5;229m[ADB][0m Forwarding system: 8200 to device: 6790
[38;5;229m[ADB][0m Running '/Users/saurabhperson/Library/Android/sdk/platform-tools/adb -P 5037 -s emulator-5554 forward tcp:8200 tcp:6790'
[38;5;227m[AndroidUiautomator2Driver@5c86 (c03fa099)][0m No app capability. Assuming it is already on the device
[38;5;229m[ADB][0m Checking app cert for /Users/saurabhperson/Desktop/corpatach/node_modules/appium-uiautomator2-driver/node_modules/appium-uiautomator2-server/apks/appium-uiautomator2-server-v6.0.9.apk
[38;5;229m[ADB][0m Checking app cert for /Users/saurabhperson/Desktop/corpatach/node_modules/appium-uiautomator2-driver/node_modules/appium-uiautomator2-server/apks/appium-uiautomator2-server-debug-androidTest.apk
[38;5;229m[ADB][0m Using 'apksigner.jar' from '/Users/saurabhperson/Library/Android/sdk/build-tools/36.0.0/lib/apksigner.jar'
[38;5;229m[ADB][0m Starting apksigner: /Library/Java/JavaVirtualMachines/temurin-17.jdk/Contents/Home/bin/java -Xmx1024M -Xss1m -jar /Users/saurabhperson/Library/Android/sdk/build-tools/36.0.0/lib/apksigner.jar verify --print-certs /Users/saurabhperson/Desktop/corpatach/node_modules/appium-uiautomator2-driver/node_modules/appium-uiautomator2-server/apks/appium-uiautomator2-server-debug-androidTest.apk
[38;5;229m[ADB][0m Starting apksigner: /Library/Java/JavaVirtualMachines/temurin-17.jdk/Contents/Home/bin/java -Xmx1024M -Xss1m -jar /Users/saurabhperson/Library/Android/sdk/build-tools/36.0.0/lib/apksigner.jar verify --print-certs /Users/saurabhperson/Desktop/corpatach/node_modules/appium-uiautomator2-driver/node_modules/appium-uiautomator2-server/apks/appium-uiautomator2-server-v6.0.9.apk
[38;5;229m[ADB][0m apksigner stdout: Signer #1 certificate DN: EMAILADDRESS=android@android.com, CN=Android, OU=Android, O=Android, L=Mountain View, ST=California, C=US
[38;5;229m[ADB][0m Signer #1 certificate SHA-256 digest: a40da80a59d170caa950cf15c18c454d47a39b26989d8b640ecd745ba71bf5dc
[38;5;229m[ADB][0m Signer #1 certificate SHA-1 digest: 61ed377e85d386a8dfee6b864bd85b0bfaa5af81
[38;5;229m[ADB][0m Signer #1 certificate MD5 digest: e89b158e4bcf988ebd09eb83f5378e87
[38;5;229m[ADB][0m 
[38;5;229m[ADB][0m sha256 hash did match for 'appium-uiautomator2-server-debug-androidTest.apk'
[38;5;229m[ADB][0m '/Users/saurabhperson/Desktop/corpatach/node_modules/appium-uiautomator2-driver/node_modules/appium-uiautomator2-server/apks/appium-uiautomator2-server-debug-androidTest.apk' is signed with the default certificate
[38;5;229m[ADB][0m Getting install status for io.appium.uiautomator2.server.test
[38;5;229m[ADB][0m Running '/Users/saurabhperson/Library/Android/sdk/platform-tools/adb -P 5037 -s emulator-5554 shell pm path io.appium.uiautomator2.server.test'
[38;5;229m[ADB][0m 'io.appium.uiautomator2.server.test' is installed
[38;5;229m[ADB][0m apksigner stdout: Signer #1 certificate DN: EMAILADDRESS=android@android.com, CN=Android, OU=Android, O=Android, L=Mountain View, ST=California, C=US
[38;5;229m[ADB][0m Signer #1 certificate SHA-256 digest: a40da80a59d170caa950cf15c18c454d47a39b26989d8b640ecd745ba71bf5dc
[38;5;229m[ADB][0m Signer #1 certificate SHA-1 digest: 61ed377e85d386a8dfee6b864bd85b0bfaa5af81
[38;5;229m[ADB][0m Signer #1 certificate MD5 digest: e89b158e4bcf988ebd09eb83f5378e87
[38;5;229m[ADB][0m 
[38;5;229m[ADB][0m sha256 hash did match for 'appium-uiautomator2-server-v6.0.9.apk'
[38;5;229m[ADB][0m '/Users/saurabhperson/Desktop/corpatach/node_modules/appium-uiautomator2-driver/node_modules/appium-uiautomator2-server/apks/appium-uiautomator2-server-v6.0.9.apk' is signed with the default certificate
[38;5;229m[ADB][0m Getting package info for 'io.appium.uiautomator2.server'
[38;5;229m[ADB][0m Running '/Users/saurabhperson/Library/Android/sdk/platform-tools/adb -P 5037 -s emulator-5554 shell dumpsys package io.appium.uiautomator2.server'
[38;5;229m[ADB][0m The installed 'io.appium.uiautomator2.server' package is older than '/Users/saurabhperson/Desktop/corpatach/node_modules/appium-uiautomator2-driver/node_modules/appium-uiautomator2-server/apks/appium-uiautomator2-server-v6.0.9.apk' (143 < 161 or '5.12.16' < '6.0.9')'
[38;5;227m[AndroidUiautomator2Driver@5c86 (c03fa099)][0m Server packages status: [{"wasSigned":true,"installState":"olderVersionInstalled","appPath":"/Users/saurabhperson/Desktop/corpatach/node_modules/appium-uiautomator2-driver/node_modules/appium-uiautomator2-server/apks/appium-uiautomator2-server-v6.0.9.apk","appId":"io.appium.uiautomator2.server"},{"wasSigned":true,"installState":"sameVersionInstalled","appPath":"/Users/saurabhperson/Desktop/corpatach/node_modules/appium-uiautomator2-driver/node_modules/appium-uiautomator2-server/apks/appium-uiautomator2-server-debug-androidTest.apk","appId":"io.appium.uiautomator2.server.test"}]
[38;5;227m[AndroidUiautomator2Driver@5c86 (c03fa099)][0m Server packages are going to be (re)installed
[38;5;229m[ADB][0m Running '/Users/saurabhperson/Library/Android/sdk/platform-tools/adb -P 5037 -s emulator-5554 version'
[38;5;229m[ADB][0m The application at '/Users/saurabhperson/Desktop/corpatach/node_modules/appium-uiautomator2-driver/node_modules/appium-uiautomator2-server/apks/appium-uiautomator2-server-v6.0.9.apk' will not be cached, because the device under test has confirmed the support of streamed installs
[38;5;229m[ADB][0m Running '/Users/saurabhperson/Library/Android/sdk/platform-tools/adb -P 5037 -s emulator-5554 install -r --no-incremental /Users/saurabhperson/Desktop/corpatach/node_modules/appium-uiautomator2-driver/node_modules/appium-uiautomator2-server/apks/appium-uiautomator2-server-v6.0.9.apk'
[38;5;229m[ADB][0m The application at '/Users/saurabhperson/Desktop/corpatach/node_modules/appium-uiautomator2-driver/node_modules/appium-uiautomator2-server/apks/appium-uiautomator2-server-debug-androidTest.apk' will not be cached, because the device under test has confirmed the support of streamed installs
[38;5;229m[ADB][0m Running '/Users/saurabhperson/Library/Android/sdk/platform-tools/adb -P 5037 -s emulator-5554 install -r --no-incremental /Users/saurabhperson/Desktop/corpatach/node_modules/appium-uiautomator2-driver/node_modules/appium-uiautomator2-server/apks/appium-uiautomator2-server-debug-androidTest.apk'
[38;5;229m[ADB][0m The installation of 'appium-uiautomator2-server-debug-androidTest.apk' took 128ms
[38;5;229m[ADB][0m Install command stdout: Performing Streamed Install
[38;5;229m[ADB][0m Success
[38;5;229m[ADB][0m The installation of 'appium-uiautomator2-server-v6.0.9.apk' took 215ms
[38;5;229m[ADB][0m Install command stdout: Performing Streamed Install
[38;5;229m[ADB][0m Success
[38;5;227m[AndroidUiautomator2Driver@5c86 (c03fa099)][0m Waiting up to 30000ms for services to be available
[38;5;229m[ADB][0m Running '/Users/saurabhperson/Library/Android/sdk/platform-tools/adb -P 5037 -s emulator-5554 shell pm list instrumentation'
[38;5;227m[AndroidUiautomator2Driver@5c86 (c03fa099)][0m Instrumentation target 'io.appium.uiautomator2.server.test/androidx.test.runner.AndroidJUnitRunner' is available
[38;5;229m[ADB][0m Adding packages ["io.appium.settings","io.appium.uiautomator2.server","io.appium.uiautomator2.server.test"] to Doze whitelist
[38;5;229m[ADB][0m Got the following command chunks to execute: [["dumpsys","deviceidle","whitelist","+io.appium.settings",";","dumpsys","deviceidle","whitelist","+io.appium.uiautomator2.server",";","dumpsys","deviceidle","whitelist","+io.appium.uiautomator2.server.test",";"]]
[38;5;229m[ADB][0m Running '/Users/saurabhperson/Library/Android/sdk/platform-tools/adb -P 5037 -s emulator-5554 shell dumpsys deviceidle whitelist +io.appium.settings ; dumpsys deviceidle whitelist +io.appium.uiautomator2.server ; dumpsys deviceidle whitelist +io.appium.uiautomator2.server.test ;'
[38;5;227m[AndroidUiautomator2Driver@5c86 (c03fa099)][0m Performing shallow cleanup of automation leftovers
[38;5;227m[AndroidUiautomator2Driver@5c86 (c03fa099)][0m No obsolete sessions have been detected (socket hang up)
[38;5;229m[ADB][0m Running '/Users/saurabhperson/Library/Android/sdk/platform-tools/adb -P 5037 -s emulator-5554 shell am force-stop io.appium.uiautomator2.server.test'
[38;5;227m[AndroidUiautomator2Driver@5c86 (c03fa099)][0m Starting UIAutomator2 server 6.0.9
[38;5;227m[AndroidUiautomator2Driver@5c86 (c03fa099)][0m Using UIAutomator2 server from '/Users/saurabhperson/Desktop/corpatach/node_modules/appium-uiautomator2-driver/node_modules/appium-uiautomator2-server/apks/appium-uiautomator2-server-v6.0.9.apk' and test from '/Users/saurabhperson/Desktop/corpatach/node_modules/appium-uiautomator2-driver/node_modules/appium-uiautomator2-server/apks/appium-uiautomator2-server-debug-androidTest.apk'
[38;5;227m[AndroidUiautomator2Driver@5c86 (c03fa099)][0m Waiting up to 30000ms for UiAutomator2 to be online...
[38;5;229m[ADB][0m Creating ADB subprocess with args: ["-P","5037","-s","emulator-5554","shell","am","instrument","-w","-e","disableAnalytics","true","io.appium.uiautomator2.server.test/androidx.test.runner.AndroidJUnitRunner"]
[38;5;227m[AndroidUiautomator2Driver@5c86 (c03fa099)][0m Matched '/status' to command name 'getStatus'
[38;5;227m[AndroidUiautomator2Driver@5c86 (c03fa099)][0m Proxying [GET /status] to [GET http://127.0.0.1:8200/status] with no body
[38;5;227m[AndroidUiautomator2Driver@5c86 (c03fa099)][0m socket hang up
[38;5;74m[Instrumentation][0m io.appium.uiautomator2.server.test.AppiumUiAutomator2Server:
[38;5;227m[AndroidUiautomator2Driver@5c86 (c03fa099)][0m Matched '/status' to command name 'getStatus'
[38;5;227m[AndroidUiautomator2Driver@5c86 (c03fa099)][0m Proxying [GET /status] to [GET http://127.0.0.1:8200/status] with no body
[38;5;227m[AndroidUiautomator2Driver@5c86 (c03fa099)][0m socket hang up
[38;5;227m[AndroidUiautomator2Driver@5c86 (c03fa099)][0m Matched '/status' to command name 'getStatus'
[38;5;227m[AndroidUiautomator2Driver@5c86 (c03fa099)][0m Proxying [GET /status] to [GET http://127.0.0.1:8200/status] with no body
[38;5;227m[AndroidUiautomator2Driver@5c86 (c03fa099)][0m Got response with status 200: {"sessionId":"None","value":{"message":"UiAutomator2 Server is ready to accept commands","ready":true}}
[38;5;227m[AndroidUiautomator2Driver@5c86 (c03fa099)][0m The initialization of the instrumentation process took 2055ms
[38;5;227m[AndroidUiautomator2Driver@5c86 (c03fa099)][0m Matched '/session' to command name 'createSession'
[38;5;227m[AndroidUiautomator2Driver@5c86 (c03fa099)][0m Proxying [POST /session] to [POST http://127.0.0.1:8200/session] with body: {"capabilities":{"firstMatch":[{"platformName":"Android","platformVersion":"15","deviceName":"emulator-5554","automationName":"UIAutomator2","udid":"emulator-5554","appPackage":"com.scopex.scopexmobile","appActivity":"com.scopex.scopexmobile.MainActivity","noReset":true,"fullReset":false,"newCommandTimeout":300,"autoGrantPermissions":true,"uiautomator2ServerInstallTimeout":60000,"adbExecTimeout":20000,"platform":"LINUX","webStorageEnabled":false,"takesScreenshot":true,"javascriptEnabled":true,"databaseEnabled":false,"networkConnectionEnabled":true,"locationContextEnabled":false,"warnings":{},"desired":{"platformName":"Android","platformVersion":"15","deviceName":"Scopex-Test","automationName":"UIAutomator2","udid":"emulator-5554","appPackage":"com.scopex.scopexmobile","appActivity":"com.scopex.scopexmobile.MainActivity","noReset":true,"fullReset":false,"newCommandTimeout":300,"autoGrantPermissions":true,"uiautomator2ServerInstallTimeout":60000,"adbExecTimeout":20000},"deviceUDID":"emulator-5554"}],"alwaysM...
[38;5;227m[AndroidUiautomator2Driver@5c86 (c03fa099)][0m Got response with status 200: {"sessionId":"a4666fdb-cd65-4349-8fb6-5b2a5c94c178","value":{"capabilities":{"firstMatch":[{"platformName":"Android","platformVersion":"15","deviceName":"emulator-5554","automationName":"UIAutomator2","udid":"emulator-5554","appPackage":"com.scopex.scopexmobile","appActivity":"com.scopex.scopexmobile.MainActivity","noReset":true,"fullReset":false,"newCommandTimeout":300,"autoGrantPermissions":true,"uiautomator2ServerInstallTimeout":60000,"adbExecTimeout":20000,"platform":"LINUX","webStorageEnabled":false,"takesScreenshot":true,"javascriptEnabled":true,"databaseEnabled":false,"networkConnectionEnabled":true,"locationContextEnabled":false,"warnings":{},"desired":{"platformName":"Android","platformVersion":"15","deviceName":"Scopex-Test","automationName":"UIAutomator2","udid":"emulator-5554","appPackage":"com.scopex.scopexmobile","appActivity":"com.scopex.scopexmobile.MainActivity","noReset":true,"fullReset":false,"newCommandTimeout":300,"autoGrantPermissions":true,"uiautomator2ServerInstallTimeout":60000,"ad...
[38;5;227m[AndroidUiautomator2Driver@5c86 (c03fa099)][0m Determined the downstream protocol as 'W3C'
[38;5;227m[AndroidUiautomator2Driver@5c86 (c03fa099)][0m Proxying [GET /appium/device/pixel_ratio] to [GET http://127.0.0.1:8200/session/a4666fdb-cd65-4349-8fb6-5b2a5c94c178/appium/device/pixel_ratio] with no body
[38;5;227m[AndroidUiautomator2Driver@5c86 (c03fa099)][0m Matched '/appium/device/system_bars' to command name 'getSystemBars'
[38;5;227m[AndroidUiautomator2Driver@5c86 (c03fa099)][0m Proxying [GET /appium/device/system_bars] to [GET http://127.0.0.1:8200/session/a4666fdb-cd65-4349-8fb6-5b2a5c94c178/appium/device/system_bars] with no body
[38;5;227m[AndroidUiautomator2Driver@5c86 (c03fa099)][0m Matched '/window/current/size' to command name 'getWindowSize'
[38;5;227m[AndroidUiautomator2Driver@5c86 (c03fa099)][0m Proxying [GET /window/current/size] to [GET http://127.0.0.1:8200/session/a4666fdb-cd65-4349-8fb6-5b2a5c94c178/window/current/size] with no body
[38;5;227m[AndroidUiautomator2Driver@5c86 (c03fa099)][0m Proxying [GET /appium/device/info] to [GET http://127.0.0.1:8200/session/a4666fdb-cd65-4349-8fb6-5b2a5c94c178/appium/device/info] with no body
[38;5;229m[ADB][0m Running '/Users/saurabhperson/Library/Android/sdk/platform-tools/adb -P 5037 -s emulator-5554 shell dumpsys window'
[38;5;227m[AndroidUiautomator2Driver@5c86 (c03fa099)][0m Got response with status 200: {"sessionId":"a4666fdb-cd65-4349-8fb6-5b2a5c94c178","value":3}
[38;5;227m[AndroidUiautomator2Driver@5c86 (c03fa099)][0m Got response with status 200: {"sessionId":"a4666fdb-cd65-4349-8fb6-5b2a5c94c178","value":{"statusBar":156}}
[38;5;227m[AndroidUiautomator2Driver@5c86 (c03fa099)][0m Got response with status 200: {"sessionId":"a4666fdb-cd65-4349-8fb6-5b2a5c94c178","value":{"height":2992,"width":1344}}
[38;5;227m[AndroidUiautomator2Driver@5c86 (c03fa099)][0m Screen already unlocked, doing nothing
[38;5;227m[AndroidUiautomator2Driver@5c86 (c03fa099)][0m Starting 'com.scopex.scopexmobile/com.scopex.scopexmobile.MainActivity and waiting for 'com.scopex.scopexmobile/com.scopex.scopexmobile.MainActivity'
[38;5;229m[ADB][0m Getting IDs of all 'com.scopex.scopexmobile' processes
[38;5;229m[ADB][0m Running '/Users/saurabhperson/Library/Android/sdk/platform-tools/adb -P 5037 -s emulator-5554 shell 'pgrep --help; echo $?''
[38;5;227m[AndroidUiautomator2Driver@5c86 (c03fa099)][0m Got response with status 200: {"sessionId":"a4666fdb-cd65-4349-8fb6-5b2a5c94c178","value":{"androidId":"a8bb0f38adfc703d","apiVersion":"36","bluetooth":{"state":"ON"},"brand":"google","carrierName":"T-Mobile","displayDensity":480,"locale":"en_US","manufacturer":"Google","model":"sdk_gphone64_arm64","networks":[{"capabilities":{"SSID":null,"linkDownBandwidthKbps":145000,"linkUpstreamBandwidthKbps":60000,"networkCapabilities":"NET_CAPABILITY_MMS,NET_CAPABILITY_SUPL,NET_CAPABILITY_DUN,NET_CAPABILITY_FOTA,NET_CAPABILITY_IMS,NET_CAPABILITY_CBS,NET_CAPABILITY_INTERNET,NET_CAPABILITY_NOT_RESTRICTED,NET_CAPABILITY_TRUSTED,NET_CAPABILITY_NOT_VPN,NET_CAPABILITY_VALIDATED,NET_CAPABILITY_NOT_ROAMING,NET_CAPABILITY_NOT_CONGESTED,NET_CAPABILITY_NOT_SUSPENDED","signalStrength":-2147483648,"transportTypes":"TRANSPORT_CELLULAR"},"detailedState":"CONNECTED","extraInfo":"epc.tmobile.com","isAvailable":true,"isConnected":true,"isFailover":false,"isRoaming":false,"state":"CONNECTED","subtype":13,"subtypeName":"LTE","type":0,"typeName":"MOBILE"},{"capabilit...
[38;5;229m[ADB][0m Running '/Users/saurabhperson/Library/Android/sdk/platform-tools/adb -P 5037 -s emulator-5554 shell pgrep -f \(\[\[:blank:\]\]\|\^\)com\.scopex\.scopexmobile\(\[\[:blank:\]\]\|\$\)'
[38;5;227m[AndroidUiautomator2Driver@5c86 (c03fa099)][0m 'com.scopex.scopexmobile' is already running and noReset is enabled. Set forceAppLaunch capability to true if the app must be forcefully restarted on session startup.
[38;5;101m[AppiumDriver@23e3][0m New AndroidUiautomator2Driver session created successfully, session c03fa099-40c3-4b16-9d5a-9266a5ee7b10 added to master session list
[38;5;101m[AppiumDriver@23e3][0m Event 'newSessionStarted' logged at 1758908018228 (19:33:38 GMT+0200 (Central European Summer Time))
[38;5;227m[AndroidUiautomator2Driver@5c86 (c03fa099)][0m Cached the protocol value 'W3C' for the new session c03fa099-40c3-4b16-9d5a-9266a5ee7b10
[38;5;227m[AndroidUiautomator2Driver@5c86 (c03fa099)][0m Responding to client with driver.createSession() result: {"capabilities":{"platformName":"Android","platformVersion":"16","deviceName":"emulator-5554","automationName":"UIAutomator2","udid":"emulator-5554","appPackage":"com.scopex.scopexmobile","appActivity":"com.scopex.scopexmobile.MainActivity","noReset":true,"fullReset":false,"newCommandTimeout":300,"autoGrantPermissions":true,"uiautomator2ServerInstallTimeout":60000,"adbExecTimeout":20000,"platform":"LINUX","webStorageEnabled":false,"takesScreenshot":true,"javascriptEnabled":true,"databaseEnabled":false,"networkConnectionEnabled":true,"locationContextEnabled":false,"warnings":{},"desired":{"platformName":"Android","platformVersion":"15","deviceName":"Scopex-Test","automationName":"UIAutomator2","udid":"emulator-5554","appPackage":"com.scopex.scopexmobile","appActivity":"com.scopex.scopexmobile.MainActivity","noReset":true,"fullReset":false,"newCommandTimeout":300,"autoGrantPermissions":true,"uiautomator2ServerInstallTimeout":60000,"adbExecTimeout":20000},"deviceUDID":"emulator-5554","pixelRatio":"3","statBar...
[38;5;86m[HTTP][0m [37m<-- POST /session [39m[32m200[39m [90m47195 ms - 1300[39m [90m[39m
[38;5;157m[c03fa099][0m[38;5;86m[HTTP][0m [37m-->[39m [37mPOST[39m [37m/session/c03fa099-40c3-4b16-9d5a-9266a5ee7b10/element[39m [90m{"using":"id","value":"onboarding_welcome_signin_button"}[39m
[38;5;157m[c03fa099][0m[38;5;227m[AndroidUiautomator2Driver@5c86 (c03fa099)][0m Calling AppiumDriver.findElement() with args: ["id","onboarding_welcome_signin_button","c03fa099-40c3-4b16-9d5a-9266a5ee7b10"]
[38;5;157m[c03fa099][0m[38;5;227m[AndroidUiautomator2Driver@5c86 (c03fa099)][0m Valid locator strategies for this request: xpath, id, class name, accessibility id, css selector, -android uiautomator
[38;5;157m[c03fa099][0m[38;5;227m[AndroidUiautomator2Driver@5c86 (c03fa099)][0m Waiting up to 0 ms for condition
[38;5;157m[c03fa099][0m[38;5;227m[AndroidUiautomator2Driver@5c86 (c03fa099)][0m Matched '/element' to command name 'findElement'
[38;5;157m[c03fa099][0m[38;5;227m[AndroidUiautomator2Driver@5c86 (c03fa099)][0m Proxying [POST /element] to [POST http://127.0.0.1:8200/session/a4666fdb-cd65-4349-8fb6-5b2a5c94c178/element] with body: {"strategy":"id","selector":"onboarding_welcome_signin_button","context":"","multiple":false}
[38;5;157m[c03fa099][0m[38;5;227m[AndroidUiautomator2Driver@5c86 (c03fa099)][0m Got response with status 404: {"sessionId":"a4666fdb-cd65-4349-8fb6-5b2a5c94c178","value":{"error":"no such element","message":"An element could not be located on the page using the given search parameters","stacktrace":"io.appium.uiautomator2.common.exceptions.ElementNotFoundException: An element could not be located on the page using the given search parameters\n\tat io.appium.uiautomator2.handler.FindElement.safeHandle(FindElement.java:63)\n\tat io.appium.uiautomator2.handler.request.SafeRequestHandler.handle(SafeRequestHandler.java:59)\n\tat io.appium.uiautomator2.server.AppiumServlet.handleRequest(AppiumServlet.java:277)\n\tat io.appium.uiautomator2.server.AppiumServlet.handleHttpRequest(AppiumServlet.java:271)\n\tat io.appium.uiautomator2.http.ServerHandler.channelRead(ServerHandler.java:77)\n\tat io.netty.channel.AbstractChannelHandlerContext.invokeChannelRead(AbstractChannelHandlerContext.java:366)\n\tat io.netty.channel.AbstractChannelHandlerContext.invokeChannelRead(AbstractChannelHandlerContext.java:352)\n\tat io.netty.chann...
[38;5;157m[c03fa099][0m[38;5;123m[W3C][0m Matched W3C error code 'no such element' to NoSuchElementError
[38;5;157m[c03fa099][0m[38;5;227m[AndroidUiautomator2Driver@5c86 (c03fa099)][0m Encountered internal error running command: NoSuchElementError: An element could not be located on the page using the given search parameters.
[38;5;157m[c03fa099][0m[38;5;227m[AndroidUiautomator2Driver@5c86 (c03fa099)][0m     at AndroidUiautomator2Driver.findElOrEls (/Users/saurabhperson/Desktop/corpatach/node_modules/appium-uiautomator2-driver/node_modules/appium-android-driver/lib/commands/find.ts:86:11)
[38;5;157m[c03fa099][0m[38;5;227m[AndroidUiautomator2Driver@5c86 (c03fa099)][0m     at processTicksAndRejections (node:internal/process/task_queues:105:5)
[38;5;157m[c03fa099][0m[38;5;227m[AndroidUiautomator2Driver@5c86 (c03fa099)][0m     at AndroidUiautomator2Driver.findElOrElsWithProcessing (/Users/saurabhperson/Desktop/corpatach/node_modules/appium-uiautomator2-driver/node_modules/@appium/base-driver/lib/basedriver/commands/find.ts:60:12)
[38;5;157m[c03fa099][0m[38;5;227m[AndroidUiautomator2Driver@5c86 (c03fa099)][0m     at AndroidUiautomator2Driver.findElement (/Users/saurabhperson/Desktop/corpatach/node_modules/appium-uiautomator2-driver/node_modules/@appium/base-driver/lib/basedriver/commands/find.ts:75:12)
[38;5;157m[c03fa099][0m[38;5;86m[HTTP][0m [37m<-- POST /session/c03fa099-40c3-4b16-9d5a-9266a5ee7b10/element [39m[33m404[39m [90m1137 ms - 917[39m [90m[39m
[38;5;157m[c03fa099][0m[38;5;86m[HTTP][0m [37m-->[39m [37mPOST[39m [37m/session/c03fa099-40c3-4b16-9d5a-9266a5ee7b10/elements[39m [90m{"using":"id","value":"onboarding_welcome_signin_button"}[39m
[38;5;157m[c03fa099][0m[38;5;227m[AndroidUiautomator2Driver@5c86 (c03fa099)][0m Calling AppiumDriver.findElements() with args: ["id","onboarding_welcome_signin_button","c03fa099-40c3-4b16-9d5a-9266a5ee7b10"]
[38;5;157m[c03fa099][0m[38;5;227m[AndroidUiautomator2Driver@5c86 (c03fa099)][0m Valid locator strategies for this request: xpath, id, class name, accessibility id, css selector, -android uiautomator
[38;5;157m[c03fa099][0m[38;5;227m[AndroidUiautomator2Driver@5c86 (c03fa099)][0m Waiting up to 0 ms for condition
[38;5;157m[c03fa099][0m[38;5;227m[AndroidUiautomator2Driver@5c86 (c03fa099)][0m Matched '/elements' to command name 'findElements'
[38;5;157m[c03fa099][0m[38;5;227m[AndroidUiautomator2Driver@5c86 (c03fa099)][0m Proxying [POST /elements] to [POST http://127.0.0.1:8200/session/a4666fdb-cd65-4349-8fb6-5b2a5c94c178/elements] with body: {"strategy":"id","selector":"onboarding_welcome_signin_button","context":"","multiple":true}
[38;5;157m[c03fa099][0m[38;5;227m[AndroidUiautomator2Driver@5c86 (c03fa099)][0m Got response with status 200: {"sessionId":"a4666fdb-cd65-4349-8fb6-5b2a5c94c178","value":[]}
[38;5;157m[c03fa099][0m[38;5;227m[AndroidUiautomator2Driver@5c86 (c03fa099)][0m Responding to client with driver.findElements() result: []
[38;5;157m[c03fa099][0m[38;5;86m[HTTP][0m [37m<-- POST /session/c03fa099-40c3-4b16-9d5a-9266a5ee7b10/elements [39m[32m200[39m [90m71 ms - 12[39m [90m[39m
[38;5;157m[c03fa099][0m[38;5;86m[HTTP][0m [37m-->[39m [37mPOST[39m [37m/session/c03fa099-40c3-4b16-9d5a-9266a5ee7b10/elements[39m [90m{"using":"id","value":"onboarding_welcome_signin_button"}[39m
[38;5;157m[c03fa099][0m[38;5;227m[AndroidUiautomator2Driver@5c86 (c03fa099)][0m Calling AppiumDriver.findElements() with args: ["id","onboarding_welcome_signin_button","c03fa099-40c3-4b16-9d5a-9266a5ee7b10"]
[38;5;157m[c03fa099][0m[38;5;227m[AndroidUiautomator2Driver@5c86 (c03fa099)][0m Valid locator strategies for this request: xpath, id, class name, accessibility id, css selector, -android uiautomator
[38;5;157m[c03fa099][0m[38;5;227m[AndroidUiautomator2Driver@5c86 (c03fa099)][0m Waiting up to 0 ms for condition
[38;5;157m[c03fa099][0m[38;5;227m[AndroidUiautomator2Driver@5c86 (c03fa099)][0m Matched '/elements' to command name 'findElements'
[38;5;157m[c03fa099][0m[38;5;227m[AndroidUiautomator2Driver@5c86 (c03fa099)][0m Proxying [POST /elements] to [POST http://127.0.0.1:8200/session/a4666fdb-cd65-4349-8fb6-5b2a5c94c178/elements] with body: {"strategy":"id","selector":"onboarding_welcome_signin_button","context":"","multiple":true}
[38;5;157m[c03fa099][0m[38;5;227m[AndroidUiautomator2Driver@5c86 (c03fa099)][0m Got response with status 200: {"sessionId":"a4666fdb-cd65-4349-8fb6-5b2a5c94c178","value":[]}
[38;5;157m[c03fa099][0m[38;5;227m[AndroidUiautomator2Driver@5c86 (c03fa099)][0m Responding to client with driver.findElements() result: []
[38;5;157m[c03fa099][0m[38;5;86m[HTTP][0m [37m<-- POST /session/c03fa099-40c3-4b16-9d5a-9266a5ee7b10/elements [39m[32m200[39m [90m80 ms - 12[39m [90m[39m
[38;5;157m[c03fa099][0m[38;5;86m[HTTP][0m [37m-->[39m [37mPOST[39m [37m/session/c03fa099-40c3-4b16-9d5a-9266a5ee7b10/elements[39m [90m{"using":"id","value":"onboarding_welcome_signin_button"}[39m
[38;5;157m[c03fa099][0m[38;5;227m[AndroidUiautomator2Driver@5c86 (c03fa099)][0m Calling AppiumDriver.findElements() with args: ["id","onboarding_welcome_signin_button","c03fa099-40c3-4b16-9d5a-9266a5ee7b10"]
[38;5;157m[c03fa099][0m[38;5;227m[AndroidUiautomator2Driver@5c86 (c03fa099)][0m Valid locator strategies for this request: xpath, id, class name, accessibility id, css selector, -android uiautomator
[38;5;157m[c03fa099][0m[38;5;227m[AndroidUiautomator2Driver@5c86 (c03fa099)][0m Waiting up to 0 ms for condition
[38;5;157m[c03fa099][0m[38;5;227m[AndroidUiautomator2Driver@5c86 (c03fa099)][0m Matched '/elements' to command name 'findElements'
[38;5;157m[c03fa099][0m[38;5;227m[AndroidUiautomator2Driver@5c86 (c03fa099)][0m Proxying [POST /elements] to [POST http://127.0.0.1:8200/session/a4666fdb-cd65-4349-8fb6-5b2a5c94c178/elements] with body: {"strategy":"id","selector":"onboarding_welcome_signin_button","context":"","multiple":true}
[38;5;157m[c03fa099][0m[38;5;227m[AndroidUiautomator2Driver@5c86 (c03fa099)][0m Got response with status 200: {"sessionId":"a4666fdb-cd65-4349-8fb6-5b2a5c94c178","value":[]}
[38;5;157m[c03fa099][0m[38;5;227m[AndroidUiautomator2Driver@5c86 (c03fa099)][0m Responding to client with driver.findElements() result: []
[38;5;157m[c03fa099][0m[38;5;86m[HTTP][0m [37m<-- POST /session/c03fa099-40c3-4b16-9d5a-9266a5ee7b10/elements [39m[32m200[39m [90m102 ms - 12[39m [90m[39m
[38;5;157m[c03fa099][0m[38;5;86m[HTTP][0m [37m-->[39m [37mPOST[39m [37m/session/c03fa099-40c3-4b16-9d5a-9266a5ee7b10/elements[39m [90m{"using":"id","value":"onboarding_welcome_signin_button"}[39m
[38;5;157m[c03fa099][0m[38;5;227m[AndroidUiautomator2Driver@5c86 (c03fa099)][0m Calling AppiumDriver.findElements() with args: ["id","onboarding_welcome_signin_button","c03fa099-40c3-4b16-9d5a-9266a5ee7b10"]
[38;5;157m[c03fa099][0m[38;5;227m[AndroidUiautomator2Driver@5c86 (c03fa099)][0m Valid locator strategies for this request: xpath, id, class name, accessibility id, css selector, -android uiautomator
[38;5;157m[c03fa099][0m[38;5;227m[AndroidUiautomator2Driver@5c86 (c03fa099)][0m Waiting up to 0 ms for condition
[38;5;157m[c03fa099][0m[38;5;227m[AndroidUiautomator2Driver@5c86 (c03fa099)][0m Matched '/elements' to command name 'findElements'
[38;5;157m[c03fa099][0m[38;5;227m[AndroidUiautomator2Driver@5c86 (c03fa099)][0m Proxying [POST /elements] to [POST http://127.0.0.1:8200/session/a4666fdb-cd65-4349-8fb6-5b2a5c94c178/elements] with body: {"strategy":"id","selector":"onboarding_welcome_signin_button","context":"","multiple":true}
[38;5;157m[c03fa099][0m[38;5;227m[AndroidUiautomator2Driver@5c86 (c03fa099)][0m Got response with status 200: {"sessionId":"a4666fdb-cd65-4349-8fb6-5b2a5c94c178","value":[]}
[38;5;157m[c03fa099][0m[38;5;227m[AndroidUiautomator2Driver@5c86 (c03fa099)][0m Responding to client with driver.findElements() result: []
[38;5;157m[c03fa099][0m[38;5;86m[HTTP][0m [37m<-- POST /session/c03fa099-40c3-4b16-9d5a-9266a5ee7b10/elements [39m[32m200[39m [90m71 ms - 12[39m [90m[39m
[38;5;157m[c03fa099][0m[38;5;86m[HTTP][0m [37m-->[39m [37mPOST[39m [37m/session/c03fa099-40c3-4b16-9d5a-9266a5ee7b10/elements[39m [90m{"using":"id","value":"onboarding_welcome_signin_button"}[39m
[38;5;157m[c03fa099][0m[38;5;227m[AndroidUiautomator2Driver@5c86 (c03fa099)][0m Calling AppiumDriver.findElements() with args: ["id","onboarding_welcome_signin_button","c03fa099-40c3-4b16-9d5a-9266a5ee7b10"]
[38;5;157m[c03fa099][0m[38;5;227m[AndroidUiautomator2Driver@5c86 (c03fa099)][0m Valid locator strategies for this request: xpath, id, class name, accessibility id, css selector, -android uiautomator
[38;5;157m[c03fa099][0m[38;5;227m[AndroidUiautomator2Driver@5c86 (c03fa099)][0m Waiting up to 0 ms for condition
[38;5;157m[c03fa099][0m[38;5;227m[AndroidUiautomator2Driver@5c86 (c03fa099)][0m Matched '/elements' to command name 'findElements'
[38;5;157m[c03fa099][0m[38;5;227m[AndroidUiautomator2Driver@5c86 (c03fa099)][0m Proxying [POST /elements] to [POST http://127.0.0.1:8200/session/a4666fdb-cd65-4349-8fb6-5b2a5c94c178/elements] with body: {"strategy":"id","selector":"onboarding_welcome_signin_button","context":"","multiple":true}
[38;5;157m[c03fa099][0m[38;5;227m[AndroidUiautomator2Driver@5c86 (c03fa099)][0m Got response with status 200: {"sessionId":"a4666fdb-cd65-4349-8fb6-5b2a5c94c178","value":[]}
[38;5;157m[c03fa099][0m[38;5;227m[AndroidUiautomator2Driver@5c86 (c03fa099)][0m Responding to client with driver.findElements() result: []
[38;5;157m[c03fa099][0m[38;5;86m[HTTP][0m [37m<-- POST /session/c03fa099-40c3-4b16-9d5a-9266a5ee7b10/elements [39m[32m200[39m [90m106 ms - 12[39m [90m[39m
[38;5;157m[c03fa099][0m[38;5;86m[HTTP][0m [37m-->[39m [37mPOST[39m [37m/session/c03fa099-40c3-4b16-9d5a-9266a5ee7b10/elements[39m [90m{"using":"id","value":"onboarding_welcome_signin_button"}[39m
[38;5;157m[c03fa099][0m[38;5;227m[AndroidUiautomator2Driver@5c86 (c03fa099)][0m Calling AppiumDriver.findElements() with args: ["id","onboarding_welcome_signin_button","c03fa099-40c3-4b16-9d5a-9266a5ee7b10"]
[38;5;157m[c03fa099][0m[38;5;227m[AndroidUiautomator2Driver@5c86 (c03fa099)][0m Valid locator strategies for this request: xpath, id, class name, accessibility id, css selector, -android uiautomator
[38;5;157m[c03fa099][0m[38;5;227m[AndroidUiautomator2Driver@5c86 (c03fa099)][0m Waiting up to 0 ms for condition
[38;5;157m[c03fa099][0m[38;5;227m[AndroidUiautomator2Driver@5c86 (c03fa099)][0m Matched '/elements' to command name 'findElements'
[38;5;157m[c03fa099][0m[38;5;227m[AndroidUiautomator2Driver@5c86 (c03fa099)][0m Proxying [POST /elements] to [POST http://127.0.0.1:8200/session/a4666fdb-cd65-4349-8fb6-5b2a5c94c178/elements] with body: {"strategy":"id","selector":"onboarding_welcome_signin_button","context":"","multiple":true}
[38;5;157m[c03fa099][0m[38;5;227m[AndroidUiautomator2Driver@5c86 (c03fa099)][0m Got response with status 200: {"sessionId":"a4666fdb-cd65-4349-8fb6-5b2a5c94c178","value":[]}
[38;5;157m[c03fa099][0m[38;5;227m[AndroidUiautomator2Driver@5c86 (c03fa099)][0m Responding to client with driver.findElements() result: []
[38;5;157m[c03fa099][0m[38;5;86m[HTTP][0m [37m<-- POST /session/c03fa099-40c3-4b16-9d5a-9266a5ee7b10/elements [39m[32m200[39m [90m91 ms - 12[39m [90m[39m
[38;5;157m[c03fa099][0m[38;5;86m[HTTP][0m [37m-->[39m [37mPOST[39m [37m/session/c03fa099-40c3-4b16-9d5a-9266a5ee7b10/elements[39m [90m{"using":"id","value":"onboarding_welcome_signin_button"}[39m
[38;5;157m[c03fa099][0m[38;5;227m[AndroidUiautomator2Driver@5c86 (c03fa099)][0m Calling AppiumDriver.findElements() with args: ["id","onboarding_welcome_signin_button","c03fa099-40c3-4b16-9d5a-9266a5ee7b10"]
[38;5;157m[c03fa099][0m[38;5;227m[AndroidUiautomator2Driver@5c86 (c03fa099)][0m Valid locator strategies for this request: xpath, id, class name, accessibility id, css selector, -android uiautomator
[38;5;157m[c03fa099][0m[38;5;227m[AndroidUiautomator2Driver@5c86 (c03fa099)][0m Waiting up to 0 ms for condition
[38;5;157m[c03fa099][0m[38;5;227m[AndroidUiautomator2Driver@5c86 (c03fa099)][0m Matched '/elements' to command name 'findElements'
[38;5;157m[c03fa099][0m[38;5;227m[AndroidUiautomator2Driver@5c86 (c03fa099)][0m Proxying [POST /elements] to [POST http://127.0.0.1:8200/session/a4666fdb-cd65-4349-8fb6-5b2a5c94c178/elements] with body: {"strategy":"id","selector":"onboarding_welcome_signin_button","context":"","multiple":true}
[38;5;157m[c03fa099][0m[38;5;227m[AndroidUiautomator2Driver@5c86 (c03fa099)][0m Got response with status 200: {"sessionId":"a4666fdb-cd65-4349-8fb6-5b2a5c94c178","value":[]}
[38;5;157m[c03fa099][0m[38;5;227m[AndroidUiautomator2Driver@5c86 (c03fa099)][0m Responding to client with driver.findElements() result: []
[38;5;157m[c03fa099][0m[38;5;86m[HTTP][0m [37m<-- POST /session/c03fa099-40c3-4b16-9d5a-9266a5ee7b10/elements [39m[32m200[39m [90m1913 ms - 12[39m [90m[39m
[38;5;157m[c03fa099][0m[38;5;86m[HTTP][0m [37m-->[39m [37mPOST[39m [37m/session/c03fa099-40c3-4b16-9d5a-9266a5ee7b10/elements[39m [90m{"using":"id","value":"onboarding_welcome_signin_button"}[39m
[38;5;157m[c03fa099][0m[38;5;227m[AndroidUiautomator2Driver@5c86 (c03fa099)][0m Calling AppiumDriver.findElements() with args: ["id","onboarding_welcome_signin_button","c03fa099-40c3-4b16-9d5a-9266a5ee7b10"]
[38;5;157m[c03fa099][0m[38;5;227m[AndroidUiautomator2Driver@5c86 (c03fa099)][0m Valid locator strategies for this request: xpath, id, class name, accessibility id, css selector, -android uiautomator
[38;5;157m[c03fa099][0m[38;5;227m[AndroidUiautomator2Driver@5c86 (c03fa099)][0m Waiting up to 0 ms for condition
[38;5;157m[c03fa099][0m[38;5;227m[AndroidUiautomator2Driver@5c86 (c03fa099)][0m Matched '/elements' to command name 'findElements'
[38;5;157m[c03fa099][0m[38;5;227m[AndroidUiautomator2Driver@5c86 (c03fa099)][0m Proxying [POST /elements] to [POST http://127.0.0.1:8200/session/a4666fdb-cd65-4349-8fb6-5b2a5c94c178/elements] with body: {"strategy":"id","selector":"onboarding_welcome_signin_button","context":"","multiple":true}
[38;5;157m[c03fa099][0m[38;5;227m[AndroidUiautomator2Driver@5c86 (c03fa099)][0m Got response with status 200: {"sessionId":"a4666fdb-cd65-4349-8fb6-5b2a5c94c178","value":[]}
[38;5;157m[c03fa099][0m[38;5;227m[AndroidUiautomator2Driver@5c86 (c03fa099)][0m Responding to client with driver.findElements() result: []
[38;5;157m[c03fa099][0m[38;5;86m[HTTP][0m [37m<-- POST /session/c03fa099-40c3-4b16-9d5a-9266a5ee7b10/elements [39m[32m200[39m [90m60 ms - 12[39m [90m[39m
[38;5;157m[c03fa099][0m[38;5;86m[HTTP][0m [37m-->[39m [37mPOST[39m [37m/session/c03fa099-40c3-4b16-9d5a-9266a5ee7b10/elements[39m [90m{"using":"id","value":"onboarding_welcome_signin_button"}[39m
[38;5;157m[c03fa099][0m[38;5;227m[AndroidUiautomator2Driver@5c86 (c03fa099)][0m Calling AppiumDriver.findElements() with args: ["id","onboarding_welcome_signin_button","c03fa099-40c3-4b16-9d5a-9266a5ee7b10"]
[38;5;157m[c03fa099][0m[38;5;227m[AndroidUiautomator2Driver@5c86 (c03fa099)][0m Valid locator strategies for this request: xpath, id, class name, accessibility id, css selector, -android uiautomator
[38;5;157m[c03fa099][0m[38;5;227m[AndroidUiautomator2Driver@5c86 (c03fa099)][0m Waiting up to 0 ms for condition
[38;5;157m[c03fa099][0m[38;5;227m[AndroidUiautomator2Driver@5c86 (c03fa099)][0m Matched '/elements' to command name 'findElements'
[38;5;157m[c03fa099][0m[38;5;227m[AndroidUiautomator2Driver@5c86 (c03fa099)][0m Proxying [POST /elements] to [POST http://127.0.0.1:8200/session/a4666fdb-cd65-4349-8fb6-5b2a5c94c178/elements] with body: {"strategy":"id","selector":"onboarding_welcome_signin_button","context":"","multiple":true}
[38;5;157m[c03fa099][0m[38;5;227m[AndroidUiautomator2Driver@5c86 (c03fa099)][0m Got response with status 200: {"sessionId":"a4666fdb-cd65-4349-8fb6-5b2a5c94c178","value":[]}
[38;5;157m[c03fa099][0m[38;5;227m[AndroidUiautomator2Driver@5c86 (c03fa099)][0m Responding to client with driver.findElements() result: []
[38;5;157m[c03fa099][0m[38;5;86m[HTTP][0m [37m<-- POST /session/c03fa099-40c3-4b16-9d5a-9266a5ee7b10/elements [39m[32m200[39m [90m59 ms - 12[39m [90m[39m
[38;5;157m[c03fa099][0m[38;5;86m[HTTP][0m [37m-->[39m [37mPOST[39m [37m/session/c03fa099-40c3-4b16-9d5a-9266a5ee7b10/elements[39m [90m{"using":"id","value":"onboarding_welcome_signin_button"}[39m
[38;5;157m[c03fa099][0m[38;5;227m[AndroidUiautomator2Driver@5c86 (c03fa099)][0m Calling AppiumDriver.findElements() with args: ["id","onboarding_welcome_signin_button","c03fa099-40c3-4b16-9d5a-9266a5ee7b10"]
[38;5;157m[c03fa099][0m[38;5;227m[AndroidUiautomator2Driver@5c86 (c03fa099)][0m Valid locator strategies for this request: xpath, id, class name, accessibility id, css selector, -android uiautomator
[38;5;157m[c03fa099][0m[38;5;227m[AndroidUiautomator2Driver@5c86 (c03fa099)][0m Waiting up to 0 ms for condition
[38;5;157m[c03fa099][0m[38;5;227m[AndroidUiautomator2Driver@5c86 (c03fa099)][0m Matched '/elements' to command name 'findElements'
[38;5;157m[c03fa099][0m[38;5;227m[AndroidUiautomator2Driver@5c86 (c03fa099)][0m Proxying [POST /elements] to [POST http://127.0.0.1:8200/session/a4666fdb-cd65-4349-8fb6-5b2a5c94c178/elements] with body: {"strategy":"id","selector":"onboarding_welcome_signin_button","context":"","multiple":true}
[38;5;157m[c03fa099][0m[38;5;227m[AndroidUiautomator2Driver@5c86 (c03fa099)][0m Got response with status 200: {"sessionId":"a4666fdb-cd65-4349-8fb6-5b2a5c94c178","value":[]}
[38;5;157m[c03fa099][0m[38;5;227m[AndroidUiautomator2Driver@5c86 (c03fa099)][0m Responding to client with driver.findElements() result: []
[38;5;157m[c03fa099][0m[38;5;86m[HTTP][0m [37m<-- POST /session/c03fa099-40c3-4b16-9d5a-9266a5ee7b10/elements [39m[32m200[39m [90m55 ms - 12[39m [90m[39m
[38;5;157m[c03fa099][0m[38;5;86m[HTTP][0m [37m-->[39m [37mPOST[39m [37m/session/c03fa099-40c3-4b16-9d5a-9266a5ee7b10/elements[39m [90m{"using":"id","value":"onboarding_welcome_signin_button"}[39m
[38;5;157m[c03fa099][0m[38;5;227m[AndroidUiautomator2Driver@5c86 (c03fa099)][0m Calling AppiumDriver.findElements() with args: ["id","onboarding_welcome_signin_button","c03fa099-40c3-4b16-9d5a-9266a5ee7b10"]
[38;5;157m[c03fa099][0m[38;5;227m[AndroidUiautomator2Driver@5c86 (c03fa099)][0m Valid locator strategies for this request: xpath, id, class name, accessibility id, css selector, -android uiautomator
[38;5;157m[c03fa099][0m[38;5;227m[AndroidUiautomator2Driver@5c86 (c03fa099)][0m Waiting up to 0 ms for condition
[38;5;157m[c03fa099][0m[38;5;227m[AndroidUiautomator2Driver@5c86 (c03fa099)][0m Matched '/elements' to command name 'findElements'
[38;5;157m[c03fa099][0m[38;5;227m[AndroidUiautomator2Driver@5c86 (c03fa099)][0m Proxying [POST /elements] to [POST http://127.0.0.1:8200/session/a4666fdb-cd65-4349-8fb6-5b2a5c94c178/elements] with body: {"strategy":"id","selector":"onboarding_welcome_signin_button","context":"","multiple":true}
[38;5;157m[c03fa099][0m[38;5;227m[AndroidUiautomator2Driver@5c86 (c03fa099)][0m Got response with status 200: {"sessionId":"a4666fdb-cd65-4349-8fb6-5b2a5c94c178","value":[]}
[38;5;157m[c03fa099][0m[38;5;227m[AndroidUiautomator2Driver@5c86 (c03fa099)][0m Responding to client with driver.findElements() result: []
[38;5;157m[c03fa099][0m[38;5;86m[HTTP][0m [37m<-- POST /session/c03fa099-40c3-4b16-9d5a-9266a5ee7b10/elements [39m[32m200[39m [90m53 ms - 12[39m [90m[39m
[38;5;157m[c03fa099][0m[38;5;86m[HTTP][0m [37m-->[39m [37mPOST[39m [37m/session/c03fa099-40c3-4b16-9d5a-9266a5ee7b10/elements[39m [90m{"using":"id","value":"onboarding_welcome_signin_button"}[39m
[38;5;157m[c03fa099][0m[38;5;227m[AndroidUiautomator2Driver@5c86 (c03fa099)][0m Calling AppiumDriver.findElements() with args: ["id","onboarding_welcome_signin_button","c03fa099-40c3-4b16-9d5a-9266a5ee7b10"]
[38;5;157m[c03fa099][0m[38;5;227m[AndroidUiautomator2Driver@5c86 (c03fa099)][0m Valid locator strategies for this request: xpath, id, class name, accessibility id, css selector, -android uiautomator
[38;5;157m[c03fa099][0m[38;5;227m[AndroidUiautomator2Driver@5c86 (c03fa099)][0m Waiting up to 0 ms for condition
[38;5;157m[c03fa099][0m[38;5;227m[AndroidUiautomator2Driver@5c86 (c03fa099)][0m Matched '/elements' to command name 'findElements'
[38;5;157m[c03fa099][0m[38;5;227m[AndroidUiautomator2Driver@5c86 (c03fa099)][0m Proxying [POST /elements] to [POST http://127.0.0.1:8200/session/a4666fdb-cd65-4349-8fb6-5b2a5c94c178/elements] with body: {"strategy":"id","selector":"onboarding_welcome_signin_button","context":"","multiple":true}
[38;5;157m[c03fa099][0m[38;5;227m[AndroidUiautomator2Driver@5c86 (c03fa099)][0m Got response with status 200: {"sessionId":"a4666fdb-cd65-4349-8fb6-5b2a5c94c178","value":[]}
[38;5;157m[c03fa099][0m[38;5;227m[AndroidUiautomator2Driver@5c86 (c03fa099)][0m Responding to client with driver.findElements() result: []
[38;5;157m[c03fa099][0m[38;5;86m[HTTP][0m [37m<-- POST /session/c03fa099-40c3-4b16-9d5a-9266a5ee7b10/elements [39m[32m200[39m [90m711 ms - 12[39m [90m[39m
[38;5;157m[c03fa099][0m[38;5;86m[HTTP][0m [37m-->[39m [37mPOST[39m [37m/session/c03fa099-40c3-4b16-9d5a-9266a5ee7b10/elements[39m [90m{"using":"id","value":"onboarding_welcome_signin_button"}[39m
[38;5;157m[c03fa099][0m[38;5;227m[AndroidUiautomator2Driver@5c86 (c03fa099)][0m Calling AppiumDriver.findElements() with args: ["id","onboarding_welcome_signin_button","c03fa099-40c3-4b16-9d5a-9266a5ee7b10"]
[38;5;157m[c03fa099][0m[38;5;227m[AndroidUiautomator2Driver@5c86 (c03fa099)][0m Valid locator strategies for this request: xpath, id, class name, accessibility id, css selector, -android uiautomator
[38;5;157m[c03fa099][0m[38;5;227m[AndroidUiautomator2Driver@5c86 (c03fa099)][0m Waiting up to 0 ms for condition
[38;5;157m[c03fa099][0m[38;5;227m[AndroidUiautomator2Driver@5c86 (c03fa099)][0m Matched '/elements' to command name 'findElements'
[38;5;157m[c03fa099][0m[38;5;227m[AndroidUiautomator2Driver@5c86 (c03fa099)][0m Proxying [POST /elements] to [POST http://127.0.0.1:8200/session/a4666fdb-cd65-4349-8fb6-5b2a5c94c178/elements] with body: {"strategy":"id","selector":"onboarding_welcome_signin_button","context":"","multiple":true}
[38;5;157m[c03fa099][0m[38;5;227m[AndroidUiautomator2Driver@5c86 (c03fa099)][0m Got response with status 200: {"sessionId":"a4666fdb-cd65-4349-8fb6-5b2a5c94c178","value":[]}
[38;5;157m[c03fa099][0m[38;5;227m[AndroidUiautomator2Driver@5c86 (c03fa099)][0m Responding to client with driver.findElements() result: []
[38;5;157m[c03fa099][0m[38;5;86m[HTTP][0m [37m<-- POST /session/c03fa099-40c3-4b16-9d5a-9266a5ee7b10/elements [39m[32m200[39m [90m50 ms - 12[39m [90m[39m
[38;5;157m[c03fa099][0m[38;5;86m[HTTP][0m [37m-->[39m [37mPOST[39m [37m/session/c03fa099-40c3-4b16-9d5a-9266a5ee7b10/elements[39m [90m{"using":"id","value":"onboarding_welcome_signin_button"}[39m
[38;5;157m[c03fa099][0m[38;5;227m[AndroidUiautomator2Driver@5c86 (c03fa099)][0m Calling AppiumDriver.findElements() with args: ["id","onboarding_welcome_signin_button","c03fa099-40c3-4b16-9d5a-9266a5ee7b10"]
[38;5;157m[c03fa099][0m[38;5;227m[AndroidUiautomator2Driver@5c86 (c03fa099)][0m Valid locator strategies for this request: xpath, id, class name, accessibility id, css selector, -android uiautomator
[38;5;157m[c03fa099][0m[38;5;227m[AndroidUiautomator2Driver@5c86 (c03fa099)][0m Waiting up to 0 ms for condition
[38;5;157m[c03fa099][0m[38;5;227m[AndroidUiautomator2Driver@5c86 (c03fa099)][0m Matched '/elements' to command name 'findElements'
[38;5;157m[c03fa099][0m[38;5;227m[AndroidUiautomator2Driver@5c86 (c03fa099)][0m Proxying [POST /elements] to [POST http://127.0.0.1:8200/session/a4666fdb-cd65-4349-8fb6-5b2a5c94c178/elements] with body: {"strategy":"id","selector":"onboarding_welcome_signin_button","context":"","multiple":true}
[38;5;157m[c03fa099][0m[38;5;227m[AndroidUiautomator2Driver@5c86 (c03fa099)][0m Got response with status 200: {"sessionId":"a4666fdb-cd65-4349-8fb6-5b2a5c94c178","value":[]}
[38;5;157m[c03fa099][0m[38;5;227m[AndroidUiautomator2Driver@5c86 (c03fa099)][0m Responding to client with driver.findElements() result: []
[38;5;157m[c03fa099][0m[38;5;86m[HTTP][0m [37m<-- POST /session/c03fa099-40c3-4b16-9d5a-9266a5ee7b10/elements [39m[32m200[39m [90m71 ms - 12[39m [90m[39m
[38;5;157m[c03fa099][0m[38;5;86m[HTTP][0m [37m-->[39m [37mPOST[39m [37m/session/c03fa099-40c3-4b16-9d5a-9266a5ee7b10/elements[39m [90m{"using":"id","value":"onboarding_welcome_signin_button"}[39m
[38;5;157m[c03fa099][0m[38;5;227m[AndroidUiautomator2Driver@5c86 (c03fa099)][0m Calling AppiumDriver.findElements() with args: ["id","onboarding_welcome_signin_button","c03fa099-40c3-4b16-9d5a-9266a5ee7b10"]
[38;5;157m[c03fa099][0m[38;5;227m[AndroidUiautomator2Driver@5c86 (c03fa099)][0m Valid locator strategies for this request: xpath, id, class name, accessibility id, css selector, -android uiautomator
[38;5;157m[c03fa099][0m[38;5;227m[AndroidUiautomator2Driver@5c86 (c03fa099)][0m Waiting up to 0 ms for condition
[38;5;157m[c03fa099][0m[38;5;227m[AndroidUiautomator2Driver@5c86 (c03fa099)][0m Matched '/elements' to command name 'findElements'
[38;5;157m[c03fa099][0m[38;5;227m[AndroidUiautomator2Driver@5c86 (c03fa099)][0m Proxying [POST /elements] to [POST http://127.0.0.1:8200/session/a4666fdb-cd65-4349-8fb6-5b2a5c94c178/elements] with body: {"strategy":"id","selector":"onboarding_welcome_signin_button","context":"","multiple":true}
[38;5;157m[c03fa099][0m[38;5;227m[AndroidUiautomator2Driver@5c86 (c03fa099)][0m Got response with status 200: {"sessionId":"a4666fdb-cd65-4349-8fb6-5b2a5c94c178","value":[]}
[38;5;157m[c03fa099][0m[38;5;227m[AndroidUiautomator2Driver@5c86 (c03fa099)][0m Responding to client with driver.findElements() result: []
[38;5;157m[c03fa099][0m[38;5;86m[HTTP][0m [37m<-- POST /session/c03fa099-40c3-4b16-9d5a-9266a5ee7b10/elements [39m[32m200[39m [90m71 ms - 12[39m [90m[39m
[38;5;157m[c03fa099][0m[38;5;86m[HTTP][0m [37m-->[39m [37mPOST[39m [37m/session/c03fa099-40c3-4b16-9d5a-9266a5ee7b10/elements[39m [90m{"using":"id","value":"onboarding_welcome_signin_button"}[39m
[38;5;157m[c03fa099][0m[38;5;227m[AndroidUiautomator2Driver@5c86 (c03fa099)][0m Calling AppiumDriver.findElements() with args: ["id","onboarding_welcome_signin_button","c03fa099-40c3-4b16-9d5a-9266a5ee7b10"]
[38;5;157m[c03fa099][0m[38;5;227m[AndroidUiautomator2Driver@5c86 (c03fa099)][0m Valid locator strategies for this request: xpath, id, class name, accessibility id, css selector, -android uiautomator
[38;5;157m[c03fa099][0m[38;5;227m[AndroidUiautomator2Driver@5c86 (c03fa099)][0m Waiting up to 0 ms for condition
[38;5;157m[c03fa099][0m[38;5;227m[AndroidUiautomator2Driver@5c86 (c03fa099)][0m Matched '/elements' to command name 'findElements'
[38;5;157m[c03fa099][0m[38;5;227m[AndroidUiautomator2Driver@5c86 (c03fa099)][0m Proxying [POST /elements] to [POST http://127.0.0.1:8200/session/a4666fdb-cd65-4349-8fb6-5b2a5c94c178/elements] with body: {"strategy":"id","selector":"onboarding_welcome_signin_button","context":"","multiple":true}
[38;5;157m[c03fa099][0m[38;5;227m[AndroidUiautomator2Driver@5c86 (c03fa099)][0m Got response with status 200: {"sessionId":"a4666fdb-cd65-4349-8fb6-5b2a5c94c178","value":[]}
[38;5;157m[c03fa099][0m[38;5;227m[AndroidUiautomator2Driver@5c86 (c03fa099)][0m Responding to client with driver.findElements() result: []
[38;5;157m[c03fa099][0m[38;5;86m[HTTP][0m [37m<-- POST /session/c03fa099-40c3-4b16-9d5a-9266a5ee7b10/elements [39m[32m200[39m [90m93 ms - 12[39m [90m[39m
[38;5;157m[c03fa099][0m[38;5;86m[HTTP][0m [37m-->[39m [37mPOST[39m [37m/session/c03fa099-40c3-4b16-9d5a-9266a5ee7b10/elements[39m [90m{"using":"id","value":"onboarding_welcome_signin_button"}[39m
[38;5;157m[c03fa099][0m[38;5;227m[AndroidUiautomator2Driver@5c86 (c03fa099)][0m Calling AppiumDriver.findElements() with args: ["id","onboarding_welcome_signin_button","c03fa099-40c3-4b16-9d5a-9266a5ee7b10"]
[38;5;157m[c03fa099][0m[38;5;227m[AndroidUiautomator2Driver@5c86 (c03fa099)][0m Valid locator strategies for this request: xpath, id, class name, accessibility id, css selector, -android uiautomator
[38;5;157m[c03fa099][0m[38;5;227m[AndroidUiautomator2Driver@5c86 (c03fa099)][0m Waiting up to 0 ms for condition
[38;5;157m[c03fa099][0m[38;5;227m[AndroidUiautomator2Driver@5c86 (c03fa099)][0m Matched '/elements' to command name 'findElements'
[38;5;157m[c03fa099][0m[38;5;227m[AndroidUiautomator2Driver@5c86 (c03fa099)][0m Proxying [POST /elements] to [POST http://127.0.0.1:8200/session/a4666fdb-cd65-4349-8fb6-5b2a5c94c178/elements] with body: {"strategy":"id","selector":"onboarding_welcome_signin_button","context":"","multiple":true}
[38;5;157m[c03fa099][0m[38;5;227m[AndroidUiautomator2Driver@5c86 (c03fa099)][0m Got response with status 200: {"sessionId":"a4666fdb-cd65-4349-8fb6-5b2a5c94c178","value":[]}
[38;5;157m[c03fa099][0m[38;5;227m[AndroidUiautomator2Driver@5c86 (c03fa099)][0m Responding to client with driver.findElements() result: []
[38;5;157m[c03fa099][0m[38;5;86m[HTTP][0m [37m<-- POST /session/c03fa099-40c3-4b16-9d5a-9266a5ee7b10/elements [39m[32m200[39m [90m1946 ms - 12[39m [90m[39m
[38;5;157m[c03fa099][0m[38;5;86m[HTTP][0m [37m-->[39m [37mPOST[39m [37m/session/c03fa099-40c3-4b16-9d5a-9266a5ee7b10/elements[39m [90m{"using":"id","value":"onboarding_welcome_signin_button"}[39m
[38;5;157m[c03fa099][0m[38;5;227m[AndroidUiautomator2Driver@5c86 (c03fa099)][0m Calling AppiumDriver.findElements() with args: ["id","onboarding_welcome_signin_button","c03fa099-40c3-4b16-9d5a-9266a5ee7b10"]
[38;5;157m[c03fa099][0m[38;5;227m[AndroidUiautomator2Driver@5c86 (c03fa099)][0m Valid locator strategies for this request: xpath, id, class name, accessibility id, css selector, -android uiautomator
[38;5;157m[c03fa099][0m[38;5;227m[AndroidUiautomator2Driver@5c86 (c03fa099)][0m Waiting up to 0 ms for condition
[38;5;157m[c03fa099][0m[38;5;227m[AndroidUiautomator2Driver@5c86 (c03fa099)][0m Matched '/elements' to command name 'findElements'
[38;5;157m[c03fa099][0m[38;5;227m[AndroidUiautomator2Driver@5c86 (c03fa099)][0m Proxying [POST /elements] to [POST http://127.0.0.1:8200/session/a4666fdb-cd65-4349-8fb6-5b2a5c94c178/elements] with body: {"strategy":"id","selector":"onboarding_welcome_signin_button","context":"","multiple":true}
[38;5;157m[c03fa099][0m[38;5;86m[HTTP][0m [37m-->[39m [37mDELETE[39m [37m/session/c03fa099-40c3-4b16-9d5a-9266a5ee7b10[39m [90m{}[39m
[38;5;157m[c03fa099][0m[38;5;227m[AndroidUiautomator2Driver@5c86 (c03fa099)][0m Calling AppiumDriver.deleteSession() with args: ["c03fa099-40c3-4b16-9d5a-9266a5ee7b10"]
[38;5;157m[c03fa099][0m[38;5;101m[AppiumDriver@23e3][0m Event 'quitSessionRequested' logged at 1758908029391 (19:33:49 GMT+0200 (Central European Summer Time))
[38;5;157m[c03fa099][0m[38;5;101m[AppiumDriver@23e3][0m Removing session c03fa099-40c3-4b16-9d5a-9266a5ee7b10 from our master session list
[38;5;157m[c03fa099][0m[38;5;227m[AndroidUiautomator2Driver@5c86 (c03fa099)][0m Deleting UiAutomator2 session
[38;5;157m[c03fa099][0m[38;5;227m[AndroidUiautomator2Driver@5c86 (c03fa099)][0m Deleting UiAutomator2 server session
[38;5;157m[c03fa099][0m[38;5;227m[AndroidUiautomator2Driver@5c86 (c03fa099)][0m Matched '/' to command name 'deleteSession'
[38;5;157m[c03fa099][0m[38;5;227m[AndroidUiautomator2Driver@5c86 (c03fa099)][0m Proxying [DELETE /] to [DELETE http://127.0.0.1:8200/session/a4666fdb-cd65-4349-8fb6-5b2a5c94c178] with no body
[38;5;157m[c03fa099][0m[38;5;227m[AndroidUiautomator2Driver@5c86 (c03fa099)][0m Got response with status 200: {"sessionId":"a4666fdb-cd65-4349-8fb6-5b2a5c94c178","value":null}
[38;5;157m[c03fa099][0m[38;5;229m[ADB][0m Running '/Users/saurabhperson/Library/Android/sdk/platform-tools/adb -P 5037 -s emulator-5554 shell dumpsys activity services io.appium.settings/.recorder.RecorderService'
[38;5;157m[c03fa099][0m[38;5;160m[Logcat][0m Stopping logcat capture
[38;5;157m[c03fa099][0m[38;5;229m[ADB][0m Removing forwarded port socket connection: 8200 
[38;5;157m[c03fa099][0m[38;5;229m[ADB][0m Running '/Users/saurabhperson/Library/Android/sdk/platform-tools/adb -P 5037 -s emulator-5554 forward --remove tcp:8200'
[38;5;157m[c03fa099][0m[38;5;227m[AndroidUiautomator2Driver@5c86 (c03fa099)][0m Got response with status 200: {"sessionId":"a4666fdb-cd65-4349-8fb6-5b2a5c94c178","value":[]}
[38;5;157m[c03fa099][0m[38;5;101m[AppiumDriver@23e3][0m Responding to client with driver.findElements() result: []
[38;5;157m[c03fa099][0m[38;5;86m[HTTP][0m [37m<-- POST /session/c03fa099-40c3-4b16-9d5a-9266a5ee7b10/elements [39m[32m200[39m [90m63 ms - 12[39m [90m[39m
[38;5;157m[c03fa099][0m[38;5;227m[AndroidUiautomator2Driver@5c86 (c03fa099)][0m Restoring hidden api policy to the device default configuration
[38;5;157m[c03fa099][0m[38;5;229m[ADB][0m Running '/Users/saurabhperson/Library/Android/sdk/platform-tools/adb -P 5037 -s emulator-5554 shell 'settings delete global hidden_api_policy_pre_p_apps;settings delete global hidden_api_policy_p_apps;settings delete global hidden_api_policy''
[38;5;157m[c03fa099][0m[38;5;101m[AppiumDriver@23e3][0m Event 'quitSessionFinished' logged at 1758908029458 (19:33:49 GMT+0200 (Central European Summer Time))
[38;5;157m[c03fa099][0m[38;5;101m[AppiumDriver@23e3][0m Received response: null
[38;5;157m[c03fa099][0m[38;5;101m[AppiumDriver@23e3][0m But deleting session, so not returning
[38;5;157m[c03fa099][0m[38;5;101m[AppiumDriver@23e3][0m Responding to client with driver.deleteSession() result: null
[38;5;157m[c03fa099][0m[38;5;86m[HTTP][0m [37m<-- DELETE /session/c03fa099-40c3-4b16-9d5a-9266a5ee7b10 [39m[32m200[39m [90m68 ms - 14[39m [90m[39m
[38;5;112m[Appium][0m Received SIGTERM - shutting down
[38;5;101m[AppiumDriver@23e3][0m There are no active sessions for cleanup
[38;5;86m[HTTP][0m Closing Appium HTTP server
[38;5;86m[HTTP][0m Appium HTTP server has been successfully closed after 0ms
